<?xml version="1.0" encoding="UTF-8"?>
<!-- Generated by org.testng.reporters.JUnitReportReporter -->
<testsuite hostname="LAPTOP-BI8ECODE" failures="0" tests="1" name="pages.TestLogin" time="15.771" errors="0" timestamp="2023-12-12T03:42:53 IST" skipped="0">
  <testcase classname="pages.TestLogin" name="testSuccessfulLogin" time="15.771"/>
</testsuite> <!-- pages.TestLogin -->
