<?xml version="1.0" encoding="UTF-8"?>
<!-- Generated by org.testng.reporters.JUnitReportReporter -->
<testsuite hostname="LAPTOP-BI8ECODE" failures="0" tests="2" name="testScenario.TestLogin" time="13.472" errors="0" timestamp="2023-12-13T00:00:24 IST" skipped="0">
  <testcase classname="testScenario.TestLogin" name="testSuccessfulLogin" time="11.328"/>
  <testcase classname="testScenario.TestLogin" name="testSuccessfulLogout" time="2.144"/>
</testsuite> <!-- testScenario.TestLogin -->
